TN:
SF:C:/Users/user pc/Desktop/My-Diary/index.js
FN:17,(anonymous_1)
FN:21,(anonymous_2)
FNF:2
FNH:1
FNDA:1,(anonymous_1)
FNDA:0,(anonymous_2)
DA:4,1
DA:5,1
DA:6,1
DA:10,1
DA:13,1
DA:16,1
DA:17,1
DA:20,1
DA:21,1
DA:22,0
DA:25,1
LF:11
LH:10
BRDA:16,0,0,1
BRDA:16,0,1,1
BRF:2
BRH:2
end_of_record
TN:
SF:C:/Users/user pc/Desktop/My-Diary/server/controller/entries.js
FN:13,(anonymous_1)
FN:23,(anonymous_2)
FN:46,(anonymous_3)
FN:70,(anonymous_4)
FN:91,(anonymous_5)
FNF:5
FNH:5
FNDA:1,(anonymous_1)
FNDA:2,(anonymous_2)
FNDA:2,(anonymous_3)
FNDA:2,(anonymous_4)
FNDA:1,(anonymous_5)
DA:3,1
DA:14,1
DA:24,2
DA:25,2
DA:26,4
DA:27,1
DA:28,1
DA:32,3
DA:35,1
DA:47,2
DA:48,2
DA:49,6
DA:50,1
DA:51,1
DA:52,1
DA:53,1
DA:59,5
DA:61,1
DA:71,2
DA:72,2
DA:73,5
DA:74,1
DA:79,4
DA:81,1
DA:92,1
DA:99,1
LF:26
LH:26
BRDA:26,0,0,1
BRDA:26,0,1,3
BRDA:49,1,0,1
BRDA:49,1,1,5
BRDA:73,2,0,1
BRDA:73,2,1,4
BRF:6
BRH:6
end_of_record
TN:
SF:C:/Users/user pc/Desktop/My-Diary/server/model/entries.js
FNF:0
FNH:0
DA:3,1
LF:1
LH:1
BRF:0
BRH:0
end_of_record
TN:
SF:C:/Users/user pc/Desktop/My-Diary/server/routes/routes.js
FNF:0
FNH:0
DA:2,1
DA:5,1
DA:7,1
DA:9,1
DA:11,1
DA:13,1
LF:6
LH:6
BRF:0
BRH:0
end_of_record
